29-04-2012 19:07:47 [INFO] AbstractTopologyGenerator - Getting default value for param: maxTrials
29-04-2012 19:07:47 [INFO] DomainImpl - Bandwidth units not found, using MBPS.
29-04-2012 19:07:48 [INFO] DomainImpl - Delay units not found, using milliseconds (ms).
29-04-2012 19:07:48 [INFO] LinkImpl - Setting BC for CT 0 value: 12140.85
29-04-2012 19:07:48 [INFO] LinkImpl - Setting BC for CT 0 value: 12140.85
29-04-2012 19:07:48 [INFO] LinkImpl - Setting BC for CT 0 value: 649.9274
29-04-2012 19:07:48 [INFO] LinkImpl - Setting BC for CT 0 value: 649.9274
29-04-2012 19:07:48 [INFO] LinkImpl - Setting BC for CT 0 value: 27593.592
29-04-2012 19:07:48 [INFO] LinkImpl - Setting BC for CT 0 value: 27593.592
29-04-2012 19:07:48 [INFO] LinkImpl - Setting BC for CT 0 value: 24410.822
29-04-2012 19:07:48 [INFO] LinkImpl - Setting BC for CT 0 value: 24410.822
29-04-2012 19:07:48 [INFO] LinkImpl - Setting BC for CT 0 value: 11231.436
29-04-2012 19:07:48 [INFO] LinkImpl - Setting BC for CT 0 value: 11231.436
29-04-2012 19:07:48 [INFO] LinkImpl - Setting BC for CT 0 value: 1208.0618
29-04-2012 19:07:48 [INFO] LinkImpl - Setting BC for CT 0 value: 1208.0618
29-04-2012 19:07:48 [INFO] LinkImpl - Setting BC for CT 0 value: 21150.38
29-04-2012 19:07:48 [INFO] LinkImpl - Setting BC for CT 0 value: 21150.38
29-04-2012 19:07:48 [INFO] LinkImpl - Setting BC for CT 0 value: 10310.095
29-04-2012 19:07:48 [INFO] LinkImpl - Setting BC for CT 0 value: 10310.095
29-04-2012 19:07:48 [INFO] LinkImpl - Setting BC for CT 0 value: 25743.178
29-04-2012 19:07:48 [INFO] LinkImpl - Setting BC for CT 0 value: 25743.178
29-04-2012 19:07:48 [INFO] LinkImpl - Setting BC for CT 0 value: 11270.35
29-04-2012 19:07:48 [INFO] LinkImpl - Setting BC for CT 0 value: 11270.35
29-04-2012 19:07:48 [INFO] LinkImpl - Setting BC for CT 0 value: 29742.93
29-04-2012 19:07:48 [INFO] LinkImpl - Setting BC for CT 0 value: 29742.93
29-04-2012 19:07:48 [INFO] LinkImpl - Setting BC for CT 0 value: 14851.386
29-04-2012 19:07:48 [INFO] LinkImpl - Setting BC for CT 0 value: 14851.386
29-04-2012 19:07:48 [INFO] LinkImpl - Setting BC for CT 0 value: 12262.202
29-04-2012 19:07:48 [INFO] LinkImpl - Setting BC for CT 0 value: 12262.202
29-04-2012 19:07:48 [INFO] LinkImpl - Setting BC for CT 0 value: 27626.77
29-04-2012 19:07:48 [INFO] LinkImpl - Setting BC for CT 0 value: 27626.77
29-04-2012 19:07:48 [INFO] LinkImpl - Setting BC for CT 0 value: 1409.7512
29-04-2012 19:07:48 [INFO] LinkImpl - Setting BC for CT 0 value: 1409.7512
29-04-2012 19:07:48 [INFO] LinkImpl - Setting BC for CT 0 value: 28467.09
29-04-2012 19:07:48 [INFO] LinkImpl - Setting BC for CT 0 value: 28467.09
29-04-2012 19:07:48 [INFO] LinkImpl - Setting BC for CT 0 value: 17650.652
29-04-2012 19:07:48 [INFO] LinkImpl - Setting BC for CT 0 value: 17650.652
29-04-2012 19:07:48 [INFO] LinkImpl - Setting BC for CT 0 value: 23701.674
29-04-2012 19:07:48 [INFO] LinkImpl - Setting BC for CT 0 value: 23701.674
29-04-2012 19:07:48 [INFO] LinkImpl - Setting BC for CT 0 value: 20306.121
29-04-2012 19:07:48 [INFO] LinkImpl - Setting BC for CT 0 value: 20306.121
29-04-2012 19:07:48 [INFO] LinkImpl - Setting BC for CT 0 value: 18218.938
29-04-2012 19:07:48 [INFO] LinkImpl - Setting BC for CT 0 value: 18218.938
29-04-2012 19:07:48 [INFO] LinkImpl - Setting BC for CT 0 value: 27253.13
29-04-2012 19:07:48 [INFO] LinkImpl - Setting BC for CT 0 value: 27253.13
29-04-2012 19:07:48 [INFO] LinkImpl - Setting BC for CT 0 value: 24142.266
29-04-2012 19:07:48 [INFO] LinkImpl - Setting BC for CT 0 value: 24142.266
29-04-2012 19:07:48 [INFO] LinkImpl - Setting BC for CT 0 value: 16734.81
29-04-2012 19:07:48 [INFO] LinkImpl - Setting BC for CT 0 value: 16734.81
29-04-2012 19:07:48 [INFO] LinkImpl - Setting BC for CT 0 value: 24424.385
29-04-2012 19:07:48 [INFO] LinkImpl - Setting BC for CT 0 value: 24424.385
29-04-2012 19:07:48 [INFO] LinkImpl - Setting BC for CT 0 value: 24000.363
29-04-2012 19:07:48 [INFO] LinkImpl - Setting BC for CT 0 value: 24000.363
29-04-2012 19:07:48 [INFO] LinkImpl - Setting BC for CT 0 value: 14322.107
29-04-2012 19:07:48 [INFO] LinkImpl - Setting BC for CT 0 value: 14322.107
29-04-2012 19:07:48 [INFO] LinkImpl - Setting BC for CT 0 value: 23134.48
29-04-2012 19:07:48 [INFO] LinkImpl - Setting BC for CT 0 value: 23134.48
29-04-2012 19:07:48 [INFO] LinkImpl - Setting BC for CT 0 value: 23190.975
29-04-2012 19:07:48 [INFO] LinkImpl - Setting BC for CT 0 value: 23190.975
29-04-2012 19:07:48 [INFO] LinkImpl - Setting BC for CT 0 value: 18354.625
29-04-2012 19:07:48 [INFO] LinkImpl - Setting BC for CT 0 value: 18354.625
29-04-2012 19:07:48 [INFO] LinkImpl - Setting BC for CT 0 value: 19962.525
29-04-2012 19:07:48 [INFO] LinkImpl - Setting BC for CT 0 value: 19962.525
29-04-2012 19:07:48 [INFO] LinkImpl - Setting BC for CT 0 value: 16367.792
29-04-2012 19:07:48 [INFO] LinkImpl - Setting BC for CT 0 value: 16367.792
29-04-2012 19:07:48 [INFO] LinkImpl - Setting BC for CT 0 value: 24048.926
29-04-2012 19:07:48 [INFO] LinkImpl - Setting BC for CT 0 value: 24048.926
29-04-2012 19:07:48 [INFO] LinkImpl - Setting BC for CT 0 value: 19499.842
29-04-2012 19:07:48 [INFO] LinkImpl - Setting BC for CT 0 value: 19499.842
29-04-2012 19:07:48 [INFO] LinkImpl - Setting BC for CT 0 value: 26988.479
29-04-2012 19:07:48 [INFO] LinkImpl - Setting BC for CT 0 value: 26988.479
29-04-2012 19:09:58 [INFO] InterDomainManager - Load the domain 64631 from the file /home/emiliano/Desktop/topology takes 183 milliseconds
29-04-2012 19:09:58 [INFO] GraphManager - Building panel for domain: 64631
29-04-2012 19:11:38 [INFO] InterDomainManager - Load the domain 64631 from the file /home/emiliano/Desktop/topology takes 388 milliseconds
29-04-2012 19:11:38 [INFO] GraphManager - Building panel for domain: 64631
29-04-2012 19:17:49 [INFO] InterDomainManager - Load the domain 64631 from the file /home/emiliano/Desktop/topology takes 380 milliseconds
29-04-2012 19:17:49 [INFO] GraphManager - Building panel for domain: 64631
29-04-2012 19:26:52 [INFO] InterDomainManager - Load the domain 64631 from the file /home/emiliano/Desktop/topology takes 389 milliseconds
29-04-2012 19:26:53 [INFO] GraphManager - Building panel for domain: 64631
29-04-2012 20:04:29 [INFO] InterDomainManager - Load the domain 64631 from the file /home/emiliano/Desktop/topology takes 411 milliseconds
29-04-2012 20:04:29 [INFO] GraphManager - Building panel for domain: 64631
29-04-2012 20:19:47 [INFO] InterDomainManager - Load the domain 64631 from the file /home/emiliano/Desktop/topology takes 321 milliseconds
29-04-2012 20:19:47 [INFO] GraphManager - Building panel for domain: 64631
29-04-2012 20:19:52 [INFO] BGPSepBackup - iBGP sessions (72)
29-04-2012 20:19:52 [INFO] BGPSepBackup - 8 - 3 -> peer
29-04-2012 20:19:52 [INFO] BGPSepBackup - 3 - 8 -> peer
29-04-2012 20:19:52 [INFO] BGPSepBackup - 5 - 8 -> client
29-04-2012 20:19:52 [INFO] BGPSepBackup - 5 - 3 -> client
29-04-2012 20:19:52 [INFO] BGPSepBackup - 6 - 8 -> client
29-04-2012 20:19:52 [INFO] BGPSepBackup - 6 - 3 -> client
29-04-2012 20:19:52 [INFO] BGPSepBackup - 7 - 8 -> client
29-04-2012 20:19:52 [INFO] BGPSepBackup - 7 - 3 -> client
29-04-2012 20:19:52 [INFO] BGPSepBackup - 13 - 8 -> client
29-04-2012 20:19:52 [INFO] BGPSepBackup - 13 - 3 -> client
29-04-2012 20:19:52 [INFO] BGPSepBackup - 1 - 8 -> client
29-04-2012 20:19:52 [INFO] BGPSepBackup - 1 - 3 -> client
29-04-2012 20:19:52 [INFO] BGPSepBackup - 2 - 8 -> client
29-04-2012 20:19:52 [INFO] BGPSepBackup - 2 - 3 -> client
29-04-2012 20:19:52 [INFO] BGPSepBackup - 12 - 8 -> client
29-04-2012 20:19:52 [INFO] BGPSepBackup - 12 - 3 -> client
29-04-2012 20:19:52 [INFO] BGPSepBackup - 14 - 8 -> client
29-04-2012 20:19:52 [INFO] BGPSepBackup - 14 - 3 -> client
29-04-2012 20:19:52 [INFO] BGPSepBackup - 4 - 8 -> client
29-04-2012 20:19:52 [INFO] BGPSepBackup - 4 - 3 -> client
29-04-2012 20:19:52 [INFO] BGPSepBackup - 0 - 8 -> client
29-04-2012 20:19:52 [INFO] BGPSepBackup - 0 - 3 -> client
29-04-2012 20:19:52 [INFO] BGPSepBackup - 10 - 8 -> client
29-04-2012 20:19:52 [INFO] BGPSepBackup - 10 - 3 -> client
29-04-2012 20:19:52 [INFO] BGPSepBackup - 9 - 8 -> client
29-04-2012 20:19:52 [INFO] BGPSepBackup - 9 - 3 -> client
29-04-2012 20:19:52 [INFO] BGPSepBackup - 6 - 1 -> peer
29-04-2012 20:19:52 [INFO] BGPSepBackup - 6 - 4 -> peer
29-04-2012 20:19:52 [INFO] BGPSepBackup - 1 - 6 -> peer
29-04-2012 20:19:52 [INFO] BGPSepBackup - 1 - 4 -> peer
29-04-2012 20:19:52 [INFO] BGPSepBackup - 4 - 6 -> peer
29-04-2012 20:19:52 [INFO] BGPSepBackup - 4 - 1 -> peer
29-04-2012 20:19:52 [INFO] BGPSepBackup - 5 - 6 -> client
29-04-2012 20:19:52 [INFO] BGPSepBackup - 5 - 1 -> client
29-04-2012 20:19:52 [INFO] BGPSepBackup - 5 - 4 -> client
29-04-2012 20:19:52 [INFO] BGPSepBackup - 7 - 6 -> client
29-04-2012 20:19:52 [INFO] BGPSepBackup - 7 - 1 -> client
29-04-2012 20:19:52 [INFO] BGPSepBackup - 7 - 4 -> client
29-04-2012 20:19:52 [INFO] BGPSepBackup - 2 - 6 -> client
29-04-2012 20:19:52 [INFO] BGPSepBackup - 2 - 1 -> client
29-04-2012 20:19:52 [INFO] BGPSepBackup - 2 - 4 -> client
29-04-2012 20:19:52 [INFO] BGPSepBackup - 12 - 6 -> client
29-04-2012 20:19:52 [INFO] BGPSepBackup - 12 - 1 -> client
29-04-2012 20:19:52 [INFO] BGPSepBackup - 12 - 4 -> client
29-04-2012 20:19:52 [INFO] BGPSepBackup - 10 - 6 -> client
29-04-2012 20:19:52 [INFO] BGPSepBackup - 10 - 1 -> client
29-04-2012 20:19:52 [INFO] BGPSepBackup - 10 - 4 -> client
29-04-2012 20:19:52 [INFO] BGPSepBackup - 9 - 6 -> client
29-04-2012 20:19:52 [INFO] BGPSepBackup - 9 - 1 -> client
29-04-2012 20:19:52 [INFO] BGPSepBackup - 9 - 4 -> client
29-04-2012 20:19:52 [INFO] BGPSepBackup - 7 - 10 -> peer
29-04-2012 20:19:52 [INFO] BGPSepBackup - 10 - 7 -> peer
29-04-2012 20:19:52 [INFO] BGPSepBackup - 5 - 7 -> client
29-04-2012 20:19:52 [INFO] BGPSepBackup - 5 - 10 -> client
29-04-2012 20:19:52 [INFO] BGPSepBackup - 12 - 7 -> client
29-04-2012 20:19:52 [INFO] BGPSepBackup - 12 - 10 -> client
29-04-2012 20:19:52 [INFO] BGPSepBackup - 2 - 7 -> client
29-04-2012 20:19:52 [INFO] BGPSepBackup - 2 - 10 -> client
29-04-2012 20:19:52 [INFO] BGPSepBackup - 9 - 7 -> client
29-04-2012 20:19:52 [INFO] BGPSepBackup - 9 - 10 -> client
29-04-2012 20:19:52 [INFO] BGPSepBackup - 2 - 9 -> peer
29-04-2012 20:19:52 [INFO] BGPSepBackup - 13 - 6 -> client
29-04-2012 20:19:52 [INFO] BGPSepBackup - 13 - 1 -> client
29-04-2012 20:19:52 [INFO] BGPSepBackup - 13 - 4 -> client
29-04-2012 20:19:52 [INFO] BGPSepBackup - 14 - 6 -> client
29-04-2012 20:19:52 [INFO] BGPSepBackup - 14 - 1 -> client
29-04-2012 20:19:52 [INFO] BGPSepBackup - 14 - 4 -> client
29-04-2012 20:19:52 [INFO] BGPSepBackup - 0 - 6 -> client
29-04-2012 20:19:52 [INFO] BGPSepBackup - 0 - 1 -> client
29-04-2012 20:19:52 [INFO] BGPSepBackup - 0 - 4 -> client
29-04-2012 20:19:52 [INFO] BGPSepBackup - 11 - 8 -> client
29-04-2012 20:19:52 [INFO] BGPSepBackup - 11 - 3 -> client
03-05-2012 22:03:58 [INFO] AbstractTopologyGenerator - Getting default value for param: maxTrials
03-05-2012 22:03:58 [INFO] DomainImpl - Bandwidth units not found, using MBPS.
03-05-2012 22:03:58 [INFO] DomainImpl - Delay units not found, using milliseconds (ms).
03-05-2012 22:03:58 [INFO] LinkImpl - Setting BC for CT 0 value: 501.07858
03-05-2012 22:03:58 [INFO] LinkImpl - Setting BC for CT 0 value: 501.07858
03-05-2012 22:03:58 [INFO] LinkImpl - Setting BC for CT 0 value: 1318.1381
03-05-2012 22:03:58 [INFO] LinkImpl - Setting BC for CT 0 value: 1318.1381
03-05-2012 22:03:58 [INFO] DomainImpl - Bandwidth units not found, using MBPS.
03-05-2012 22:03:58 [INFO] DomainImpl - Delay units not found, using milliseconds (ms).
03-05-2012 22:03:58 [INFO] LinkImpl - Setting BC for CT 0 value: 1482.3959
03-05-2012 22:03:58 [INFO] LinkImpl - Setting BC for CT 0 value: 1482.3959
03-05-2012 22:03:58 [INFO] LinkImpl - Setting BC for CT 0 value: 700.82684
03-05-2012 22:03:58 [INFO] LinkImpl - Setting BC for CT 0 value: 700.82684
03-05-2012 22:03:58 [INFO] DomainImpl - Bandwidth units not found, using MBPS.
03-05-2012 22:03:58 [INFO] DomainImpl - Delay units not found, using milliseconds (ms).
03-05-2012 22:03:58 [INFO] LinkImpl - Setting BC for CT 0 value: 912.1132
03-05-2012 22:03:58 [INFO] LinkImpl - Setting BC for CT 0 value: 912.1132
03-05-2012 22:03:58 [INFO] LinkImpl - Setting BC for CT 0 value: 919.8178
03-05-2012 22:03:58 [INFO] LinkImpl - Setting BC for CT 0 value: 919.8178
03-05-2012 22:03:58 [INFO] WrapperBrite - Forcing topology to be connected.
03-05-2012 22:03:58 [INFO] WrapperBrite - Forcing topology to be dual connected.
03-05-2012 22:04:47 [INFO] InterDomainManager - Load the domain 65067 from the file /home/emiliano/Desktop/simple takes 87 milliseconds
03-05-2012 22:04:47 [INFO] GraphManager - Building panel for domain: 65067
03-05-2012 22:05:26 [INFO] BGPSepBackend - iBGP sessions (2)
03-05-2012 22:05:26 [INFO] BGPSepBackend - 2 - 1 -> client
03-05-2012 22:05:26 [INFO] BGPSepBackend - 0 - 1 -> client
03-05-2012 22:14:26 [INFO] InterDomainManager - Load the domain 65067 from the file /home/emiliano/Desktop/simple takes 302 milliseconds
03-05-2012 22:14:26 [INFO] GraphManager - Building panel for domain: 65067
03-05-2012 22:14:34 [INFO] BGPSepBackend - iBGP sessions (2)
03-05-2012 22:14:34 [INFO] BGPSepBackend - 2 - 1 -> client
03-05-2012 22:14:34 [INFO] BGPSepBackend - 0 - 1 -> client
03-05-2012 22:15:17 [ERROR] BGPSepBackend - Dumping iBGP topology in Totem domain
03-05-2012 22:20:33 [INFO] InterDomainManager - Load the domain 65067 from the file /home/emiliano/Desktop/simple takes 316 milliseconds
03-05-2012 22:20:33 [INFO] GraphManager - Building panel for domain: 65067
03-05-2012 22:20:40 [INFO] BGPSepBackend - iBGP sessions (2)
03-05-2012 22:20:40 [INFO] BGPSepBackend - 2 - 1 -> client
03-05-2012 22:20:40 [INFO] BGPSepBackend - 0 - 1 -> client
03-05-2012 22:25:34 [INFO] InterDomainManager - Load the domain 65067 from the file /home/emiliano/Desktop/simple takes 22 milliseconds
03-05-2012 22:25:36 [ERROR] LoadTopoDialog - A domain with the same ASID already exists.
03-05-2012 22:26:58 [INFO] InterDomainManager - Load the domain 65067 from the file /home/emiliano/Desktop/simple takes 198 milliseconds
03-05-2012 22:26:58 [INFO] GraphManager - Building panel for domain: 65067
03-05-2012 22:29:42 [INFO] BGPSepBackend - iBGP sessions (2)
03-05-2012 22:29:42 [INFO] BGPSepBackend - 2 - 1 -> client
03-05-2012 22:29:42 [INFO] BGPSepBackend - 0 - 1 -> client
03-05-2012 22:30:42 [INFO] InterDomainManager - Load the domain 65067 from the file /home/emiliano/Desktop/simple takes 287 milliseconds
03-05-2012 22:30:42 [INFO] GraphManager - Building panel for domain: 65067
03-05-2012 22:33:09 [INFO] InterDomainManager - Load the domain 65067 from the file /home/emiliano/Desktop/simple takes 284 milliseconds
03-05-2012 22:33:09 [INFO] GraphManager - Building panel for domain: 65067
03-05-2012 22:35:53 [INFO] InterDomainManager - Load the domain 65067 from the file /home/emiliano/Desktop/simple takes 12 milliseconds
03-05-2012 22:35:55 [ERROR] LoadTopoDialog - A domain with the same ASID already exists.
03-05-2012 22:36:37 [INFO] InterDomainManager - Load the domain 65067 from the file /home/emiliano/Desktop/simple takes 261 milliseconds
03-05-2012 22:36:37 [INFO] GraphManager - Building panel for domain: 65067
04-05-2012 16:13:31 [INFO] InterDomainManager - Load the domain 65067 from the file /home/emiliano/Desktop/simple takes 877 milliseconds
04-05-2012 16:13:31 [INFO] GraphManager - Building panel for domain: 65067
04-05-2012 16:18:16 [INFO] InterDomainManager - Load the domain 11537 from the file /home/emiliano/Desktop/abilene.xml takes 522 milliseconds
04-05-2012 16:18:16 [INFO] GraphManager - Building panel for domain: 11537
04-05-2012 16:23:21 [INFO] InterDomainManager - Save the domain 11537 in the file /home/emiliano/Desktop/abilene.out.xml takes 95 milliseconds
06-05-2012 17:24:14 [INFO] AbstractTopologyGenerator - Getting default value for param: maxTrials
06-05-2012 17:24:14 [INFO] DomainImpl - Bandwidth units not found, using MBPS.
06-05-2012 17:24:14 [INFO] DomainImpl - Delay units not found, using milliseconds (ms).
06-05-2012 17:24:14 [INFO] LinkImpl - Setting BC for CT 0 value: 1160.1084
06-05-2012 17:24:14 [INFO] LinkImpl - Setting BC for CT 0 value: 1160.1084
06-05-2012 17:24:14 [INFO] LinkImpl - Setting BC for CT 0 value: 1400.1514
06-05-2012 17:24:14 [INFO] LinkImpl - Setting BC for CT 0 value: 1400.1514
06-05-2012 17:24:14 [INFO] DomainImpl - Bandwidth units not found, using MBPS.
06-05-2012 17:24:14 [INFO] DomainImpl - Delay units not found, using milliseconds (ms).
06-05-2012 17:24:14 [INFO] LinkImpl - Setting BC for CT 0 value: 1199.4008
06-05-2012 17:24:14 [INFO] LinkImpl - Setting BC for CT 0 value: 1199.4008
06-05-2012 17:24:14 [INFO] LinkImpl - Setting BC for CT 0 value: 510.02243
06-05-2012 17:24:14 [INFO] LinkImpl - Setting BC for CT 0 value: 510.02243
06-05-2012 17:24:14 [INFO] DomainImpl - Bandwidth units not found, using MBPS.
06-05-2012 17:24:14 [INFO] DomainImpl - Delay units not found, using milliseconds (ms).
06-05-2012 17:24:14 [INFO] LinkImpl - Setting BC for CT 0 value: 1441.7656
06-05-2012 17:24:14 [INFO] LinkImpl - Setting BC for CT 0 value: 1441.7656
06-05-2012 17:24:14 [INFO] LinkImpl - Setting BC for CT 0 value: 738.0779
06-05-2012 17:24:14 [INFO] LinkImpl - Setting BC for CT 0 value: 738.0779
06-05-2012 17:24:14 [INFO] WrapperBrite - Forcing topology to be connected.
06-05-2012 17:24:14 [INFO] WrapperBrite - Forcing topology to be dual connected.
06-05-2012 17:25:23 [ERROR] LoadTopoDialog - Domain file does not exist or is a directory.
06-05-2012 17:25:32 [INFO] InterDomainManager - Load the domain 64963 from the file /home/emiliano/simple takes 146 milliseconds
06-05-2012 17:25:32 [INFO] GraphManager - Building panel for domain: 64963
06-05-2012 18:02:04 [INFO] AbstractTopologyGenerator - Getting default value for param: maxTrials
06-05-2012 18:02:04 [INFO] DomainImpl - Bandwidth units not found, using MBPS.
06-05-2012 18:02:04 [INFO] DomainImpl - Delay units not found, using milliseconds (ms).
06-05-2012 18:02:05 [INFO] LinkImpl - Setting BC for CT 0 value: 1078.6782
06-05-2012 18:02:05 [INFO] LinkImpl - Setting BC for CT 0 value: 1078.6782
06-05-2012 18:02:05 [INFO] LinkImpl - Setting BC for CT 0 value: 705.777
06-05-2012 18:02:05 [INFO] LinkImpl - Setting BC for CT 0 value: 705.777
06-05-2012 18:02:05 [INFO] DomainImpl - Bandwidth units not found, using MBPS.
06-05-2012 18:02:05 [INFO] DomainImpl - Delay units not found, using milliseconds (ms).
06-05-2012 18:02:05 [INFO] LinkImpl - Setting BC for CT 0 value: 871.63165
06-05-2012 18:02:05 [INFO] LinkImpl - Setting BC for CT 0 value: 871.63165
06-05-2012 18:02:05 [INFO] LinkImpl - Setting BC for CT 0 value: 1386.5602
06-05-2012 18:02:05 [INFO] LinkImpl - Setting BC for CT 0 value: 1386.5602
06-05-2012 18:02:05 [INFO] DomainImpl - Bandwidth units not found, using MBPS.
06-05-2012 18:02:05 [INFO] DomainImpl - Delay units not found, using milliseconds (ms).
06-05-2012 18:02:05 [INFO] LinkImpl - Setting BC for CT 0 value: 917.6618
06-05-2012 18:02:05 [INFO] LinkImpl - Setting BC for CT 0 value: 917.6618
06-05-2012 18:02:05 [INFO] LinkImpl - Setting BC for CT 0 value: 1408.7223
06-05-2012 18:02:05 [INFO] LinkImpl - Setting BC for CT 0 value: 1408.7223
06-05-2012 18:02:05 [INFO] WrapperBrite - Forcing topology to be connected.
06-05-2012 18:02:05 [INFO] WrapperBrite - Forcing topology to be dual connected.
06-05-2012 18:03:24 [INFO] InterDomainManager - Load the domain 65475 from the file /home/emiliano/Desktop/simple takes 49 milliseconds
06-05-2012 18:03:24 [INFO] GraphManager - Building panel for domain: 65475
06-05-2012 18:12:27 [INFO] InterDomainManager - Load the domain 65475 from the file /home/emiliano/Desktop/simple takes 294 milliseconds
06-05-2012 18:12:27 [INFO] GraphManager - Building panel for domain: 65475
06-05-2012 18:16:04 [INFO] InterDomainManager - Load the domain 65475 from the file /home/emiliano/Desktop/simple takes 308 milliseconds
06-05-2012 18:16:04 [INFO] GraphManager - Building panel for domain: 65475
07-05-2012 20:22:08 [INFO] InterDomainManager - Load the domain 65475 from the file /home/emiliano/Desktop/simple takes 932 milliseconds
07-05-2012 20:22:08 [INFO] GraphManager - Building panel for domain: 65475
07-05-2012 20:26:44 [INFO] InterDomainManager - Load the domain 65475 from the file /home/emiliano/Desktop/simple takes 302 milliseconds
07-05-2012 20:26:44 [INFO] GraphManager - Building panel for domain: 65475
08-05-2012 21:33:38 [INFO] InterDomainManager - Load the domain 65475 from the file /home/emiliano/Desktop/simple takes 909 milliseconds
08-05-2012 21:33:38 [INFO] GraphManager - Building panel for domain: 65475
08-05-2012 21:34:39 [INFO] InterDomainManager - Load the domain 65475 from the file /home/emiliano/Desktop/simple takes 265 milliseconds
08-05-2012 21:34:39 [INFO] GraphManager - Building panel for domain: 65475
08-05-2012 21:37:10 [INFO] InterDomainManager - Load the domain 65475 from the file /home/emiliano/Desktop/simple takes 274 milliseconds
08-05-2012 21:37:10 [INFO] GraphManager - Building panel for domain: 65475
08-05-2012 21:38:49 [INFO] InterDomainManager - Load the domain 65475 from the file /home/emiliano/Desktop/simple takes 284 milliseconds
08-05-2012 21:38:49 [INFO] GraphManager - Building panel for domain: 65475
08-05-2012 21:59:40 [INFO] InterDomainManager - Load the domain 65475 from the file /home/emiliano/Desktop/simple takes 258 milliseconds
08-05-2012 21:59:40 [INFO] GraphManager - Building panel for domain: 65475
08-05-2012 22:26:52 [INFO] InterDomainManager - Load the domain 65475 from the file /home/emiliano/Desktop/simple takes 258 milliseconds
08-05-2012 22:26:52 [INFO] GraphManager - Building panel for domain: 65475
08-05-2012 22:30:49 [INFO] InterDomainManager - Load the domain 65475 from the file /home/emiliano/Desktop/simple takes 261 milliseconds
08-05-2012 22:30:49 [INFO] GraphManager - Building panel for domain: 65475
12-05-2012 12:26:48 [INFO] InterDomainManager - Load the domain 65475 from the file /home/emiliano/Desktop/simple takes 697 milliseconds
12-05-2012 12:26:48 [INFO] GraphManager - Building panel for domain: 65475
12-05-2012 12:36:18 [INFO] InterDomainManager - Load the domain 65475 from the file /home/emiliano/Desktop/simple takes 261 milliseconds
12-05-2012 12:36:18 [INFO] GraphManager - Building panel for domain: 65475
13-05-2012 16:26:40 [INFO] InterDomainManager - Load the domain 65475 from the file /home/emiliano/Desktop/simple takes 360 milliseconds
13-05-2012 16:26:40 [INFO] GraphManager - Building panel for domain: 65475
13-05-2012 16:27:16 [INFO] InterDomainManager - Load the domain 65475 from the file /home/emiliano/Desktop/simple takes 349 milliseconds
13-05-2012 16:27:16 [INFO] GraphManager - Building panel for domain: 65475
22-05-2012 23:02:35 [INFO] InterDomainManager - Load the domain 65475 from the file /home/emiliano/Desktop/simple takes 288 milliseconds
22-05-2012 23:02:35 [INFO] GraphManager - Building panel for domain: 65475
22-05-2012 23:05:27 [INFO] InterDomainManager - Load the domain 65475 from the file /home/emiliano/Desktop/simple takes 269 milliseconds
22-05-2012 23:05:27 [INFO] GraphManager - Building panel for domain: 65475
22-05-2012 23:31:27 [INFO] InterDomainManager - Load the domain 65475 from the file /home/emiliano/Desktop/simple takes 286 milliseconds
22-05-2012 23:31:27 [INFO] GraphManager - Building panel for domain: 65475
23-05-2012 23:34:40 [INFO] InterDomainManager - Load the domain 65475 from the file /home/emiliano/Desktop/simple takes 634 milliseconds
23-05-2012 23:34:40 [INFO] GraphManager - Building panel for domain: 65475
26-05-2012 14:17:49 [INFO] InterDomainManager - Load the domain 65475 from the file /home/emiliano/Desktop/simple takes 788 milliseconds
26-05-2012 14:17:49 [INFO] GraphManager - Building panel for domain: 65475
26-05-2012 14:34:49 [INFO] InterDomainManager - Load the domain 65475 from the file /home/emiliano/Desktop/simple takes 295 milliseconds
26-05-2012 14:34:49 [INFO] GraphManager - Building panel for domain: 65475
26-05-2012 15:47:35 [INFO] InterDomainManager - Load the domain 65475 from the file /home/emiliano/Desktop/simple takes 286 milliseconds
26-05-2012 15:47:35 [INFO] GraphManager - Building panel for domain: 65475
26-05-2012 15:48:53 [INFO] InterDomainManager - Load the domain 65475 from the file /home/emiliano/Desktop/simple takes 343 milliseconds
26-05-2012 15:48:53 [INFO] GraphManager - Building panel for domain: 65475
26-05-2012 16:29:39 [INFO] InterDomainManager - Load the domain 11537 from the file /home/emiliano/PG/Totem/examples/abilene/abilene.xml takes 615 milliseconds
26-05-2012 16:29:39 [INFO] GraphManager - Building panel for domain: 11537
26-05-2012 16:36:32 [INFO] InterDomainManager - Load the domain 0 from the file /home/emiliano/Desktop/simple2 takes 66 milliseconds
26-05-2012 16:36:32 [INFO] GraphManager - Building panel for domain: 0
20-06-2012 18:17:53 [INFO] InterDomainManager - Load the domain 0 from the file /home/emiliano/Desktop/simple2 takes 407 milliseconds
20-06-2012 18:17:53 [INFO] GraphManager - Building panel for domain: 0
20-06-2012 18:18:21 [INFO] InterDomainManager - Load the domain 0 from the file /home/emiliano/Desktop/simple2 takes 14 milliseconds
20-06-2012 18:18:21 [INFO] GraphManager - Building panel for domain: 0
20-06-2012 18:19:44 [INFO] InterDomainManager - Load the domain 11537 from the file /home/emiliano/PG/Totem/examples/abilene/abilene.xml takes 161 milliseconds
20-06-2012 18:19:44 [INFO] GraphManager - Building panel for domain: 11537
20-06-2012 18:24:48 [INFO] InterDomainManager - Load the domain 11537 from the file /home/emiliano/PG/Totem/examples/abilene/abilene.xml takes 425 milliseconds
20-06-2012 18:24:48 [INFO] GraphManager - Building panel for domain: 11537
13-09-2012 17:11:33 [INFO] InterDomainManager - Load the domain 11537 from the file /home/emiliano/PG/Totem/examples/abilene/abilene.xml takes 1091 milliseconds
13-09-2012 17:11:33 [INFO] GraphManager - Building panel for domain: 11537
21-09-2012 23:06:33 [INFO] InterDomainManager - Load the domain 0 from the file /home/emiliano/p takes 241 milliseconds
21-09-2012 23:06:33 [INFO] GraphManager - Building panel for domain: 0
21-09-2012 23:08:13 [INFO] InterDomainManager - Load the domain 0 from the file /home/emiliano/p takes 313 milliseconds
21-09-2012 23:08:13 [INFO] GraphManager - Building panel for domain: 0
21-09-2012 23:11:25 [INFO] InterDomainManager - Load the domain 0 from the file /home/emiliano/p takes 332 milliseconds
21-09-2012 23:11:25 [INFO] GraphManager - Building panel for domain: 0
21-09-2012 23:13:49 [INFO] InterDomainManager - Load the domain 0 from the file /home/emiliano/p takes 305 milliseconds
21-09-2012 23:13:49 [INFO] GraphManager - Building panel for domain: 0
21-09-2012 23:15:08 [INFO] InterDomainManager - Load the domain 0 from the file /home/emiliano/p takes 323 milliseconds
21-09-2012 23:15:08 [INFO] GraphManager - Building panel for domain: 0
21-09-2012 23:17:11 [INFO] InterDomainManager - Load the domain 0 from the file /home/emiliano/p takes 72 milliseconds
21-09-2012 23:17:11 [INFO] GraphManager - Building panel for domain: 0
21-09-2012 23:20:36 [INFO] InterDomainManager - Load the domain 0 from the file /home/emiliano/p takes 13 milliseconds
21-09-2012 23:20:38 [ERROR] LoadTopoDialog - A domain with the same ASID already exists.
21-09-2012 23:21:23 [INFO] InterDomainManager - Load the domain 0 from the file /home/emiliano/p takes 346 milliseconds
21-09-2012 23:21:23 [INFO] GraphManager - Building panel for domain: 0
21-09-2012 23:23:44 [INFO] InterDomainManager - Load the domain 0 from the file /home/emiliano/p takes 319 milliseconds
21-09-2012 23:23:44 [INFO] GraphManager - Building panel for domain: 0
21-09-2012 23:24:13 [ERROR] Cbr - Dumping iBGP topology in Totem domain
22-09-2012 13:33:16 [INFO] InterDomainManager - Load the domain 0 from the file /home/emiliano/p takes 1098 milliseconds
22-09-2012 13:33:16 [INFO] GraphManager - Building panel for domain: 0
22-09-2012 13:33:37 [ERROR] Cbr - Dumping iBGP topology in Totem domain
22-09-2012 13:34:22 [INFO] InterDomainManager - Load the domain 0 from the file /home/emiliano/p takes 360 milliseconds
22-09-2012 13:34:22 [INFO] GraphManager - Building panel for domain: 0
22-09-2012 13:38:58 [ERROR] Cbr - Dumping iBGP topology in Totem domain
22-09-2012 13:39:25 [INFO] InterDomainManager - Load the domain 0 from the file /home/emiliano/p takes 404 milliseconds
22-09-2012 13:39:25 [INFO] GraphManager - Building panel for domain: 0
22-09-2012 13:39:49 [ERROR] Cbr - Dumping iBGP topology in Totem domain
22-09-2012 13:41:10 [INFO] InterDomainManager - Load the domain 0 from the file /home/emiliano/p takes 380 milliseconds
22-09-2012 13:41:10 [INFO] GraphManager - Building panel for domain: 0
22-09-2012 13:47:15 [INFO] InterDomainManager - Load the domain 0 from the file /home/emiliano/p takes 361 milliseconds
22-09-2012 13:47:15 [INFO] GraphManager - Building panel for domain: 0
22-09-2012 13:51:28 [INFO] InterDomainManager - Load the domain 0 from the file /home/emiliano/p takes 341 milliseconds
22-09-2012 13:51:28 [INFO] GraphManager - Building panel for domain: 0
22-09-2012 14:25:16 [INFO] InterDomainManager - Load the domain 0 from the file /home/emiliano/p takes 363 milliseconds
22-09-2012 14:25:16 [INFO] GraphManager - Building panel for domain: 0
22-09-2012 14:31:42 [INFO] InterDomainManager - Load the domain 0 from the file /home/emiliano/p takes 363 milliseconds
22-09-2012 14:31:42 [INFO] GraphManager - Building panel for domain: 0
22-09-2012 14:34:12 [INFO] InterDomainManager - Load the domain 0 from the file /home/emiliano/p takes 371 milliseconds
22-09-2012 14:34:12 [INFO] GraphManager - Building panel for domain: 0
22-09-2012 14:38:16 [INFO] InterDomainManager - Load the domain 0 from the file /home/emiliano/p takes 337 milliseconds
22-09-2012 14:38:16 [INFO] GraphManager - Building panel for domain: 0
23-09-2012 19:24:43 [INFO] InterDomainManager - Load the domain 0 from the file /home/emiliano/p takes 1108 milliseconds
23-09-2012 19:24:43 [INFO] GraphManager - Building panel for domain: 0
23-09-2012 19:26:56 [ERROR] Cbr - Dumping iBGP topology in Totem domain
23-09-2012 19:28:50 [INFO] InterDomainManager - Load the domain 0 from the file /home/emiliano/p takes 340 milliseconds
23-09-2012 19:28:50 [INFO] GraphManager - Building panel for domain: 0
25-09-2012 19:42:41 [INFO] InterDomainManager - Load the domain 0 from the file /home/emiliano/p takes 894 milliseconds
25-09-2012 19:42:41 [INFO] GraphManager - Building panel for domain: 0
25-09-2012 19:43:22 [INFO] InterDomainManager - Load the domain 0 from the file /home/emiliano/p takes 378 milliseconds
25-09-2012 19:43:22 [INFO] GraphManager - Building panel for domain: 0
25-09-2012 19:46:04 [INFO] InterDomainManager - Load the domain 0 from the file /home/emiliano/p takes 364 milliseconds
25-09-2012 19:46:04 [INFO] GraphManager - Building panel for domain: 0
25-09-2012 19:46:17 [ERROR] Cbr - Dumping iBGP topology in Totem domain
25-09-2012 19:46:51 [INFO] InterDomainManager - Load the domain 0 from the file /home/emiliano/p takes 328 milliseconds
25-09-2012 19:46:51 [INFO] GraphManager - Building panel for domain: 0
25-09-2012 19:53:02 [INFO] InterDomainManager - Load the domain 0 from the file /home/emiliano/p takes 19 milliseconds
25-09-2012 19:53:02 [INFO] GraphManager - Building panel for domain: 0
25-09-2012 19:53:31 [ERROR] Cbr - Dumping iBGP topology in Totem domain
25-09-2012 19:56:00 [INFO] InterDomainManager - Load the domain 0 from the file /home/emiliano/p takes 319 milliseconds
25-09-2012 19:56:00 [INFO] GraphManager - Building panel for domain: 0
25-09-2012 19:56:15 [ERROR] Cbr - Dumping iBGP topology in Totem domain
25-09-2012 20:00:32 [INFO] InterDomainManager - Load the domain 0 from the file /home/emiliano/p takes 345 milliseconds
25-09-2012 20:00:32 [INFO] GraphManager - Building panel for domain: 0
25-09-2012 20:01:27 [ERROR] Cbr - Dumping iBGP topology in Totem domain
25-09-2012 20:08:29 [INFO] InterDomainManager - Load the domain 0 from the file /home/emiliano/p takes 351 milliseconds
25-09-2012 20:08:29 [INFO] GraphManager - Building panel for domain: 0
25-09-2012 20:13:15 [ERROR] Cbr - Dumping iBGP topology in Totem domain
25-09-2012 22:04:16 [INFO] InterDomainManager - Load the domain 0 from the file /home/emiliano/p takes 1011 milliseconds
25-09-2012 22:04:16 [INFO] GraphManager - Building panel for domain: 0
25-09-2012 22:05:12 [ERROR] Cbr - Dumping iBGP topology in Totem domain
25-09-2012 22:06:46 [INFO] InterDomainManager - Load the domain 0 from the file /home/emiliano/p takes 319 milliseconds
25-09-2012 22:06:46 [INFO] GraphManager - Building panel for domain: 0
25-09-2012 22:09:10 [ERROR] Cbr - Dumping iBGP topology in Totem domain
25-09-2012 22:12:55 [INFO] InterDomainManager - Load the domain 0 from the file /home/emiliano/p takes 326 milliseconds
25-09-2012 22:12:55 [INFO] GraphManager - Building panel for domain: 0
25-09-2012 22:14:27 [INFO] InterDomainManager - Load the domain 0 from the file /home/emiliano/p takes 302 milliseconds
25-09-2012 22:14:27 [INFO] GraphManager - Building panel for domain: 0
25-09-2012 22:15:12 [INFO] InterDomainManager - Load the domain 0 from the file /home/emiliano/p takes 329 milliseconds
25-09-2012 22:15:12 [INFO] GraphManager - Building panel for domain: 0
25-09-2012 22:32:38 [INFO] InterDomainManager - Load the domain 0 from the file /home/emiliano/p takes 299 milliseconds
25-09-2012 22:32:38 [INFO] GraphManager - Building panel for domain: 0
25-09-2012 22:56:21 [INFO] InterDomainManager - Load the domain 0 from the file /home/emiliano/p takes 304 milliseconds
25-09-2012 22:56:21 [INFO] GraphManager - Building panel for domain: 0
25-09-2012 23:05:46 [INFO] InterDomainManager - Load the domain 0 from the file /home/emiliano/p takes 304 milliseconds
25-09-2012 23:05:46 [INFO] GraphManager - Building panel for domain: 0
25-09-2012 23:08:50 [INFO] InterDomainManager - Load the domain 0 from the file /home/emiliano/p takes 347 milliseconds
25-09-2012 23:08:50 [INFO] GraphManager - Building panel for domain: 0
25-09-2012 23:11:51 [INFO] InterDomainManager - Load the domain 0 from the file /home/emiliano/p takes 362 milliseconds
25-09-2012 23:11:51 [INFO] GraphManager - Building panel for domain: 0
25-09-2012 23:17:32 [INFO] InterDomainManager - Load the domain 0 from the file /home/emiliano/p takes 329 milliseconds
25-09-2012 23:17:32 [INFO] GraphManager - Building panel for domain: 0
25-09-2012 23:17:42 [ERROR] Cbr - Dumping iBGP topology in Totem domain
25-09-2012 23:20:46 [INFO] InterDomainManager - Load the domain 0 from the file /home/emiliano/p takes 319 milliseconds
25-09-2012 23:20:46 [INFO] GraphManager - Building panel for domain: 0
25-09-2012 23:24:02 [INFO] InterDomainManager - Load the domain 0 from the file /home/emiliano/p takes 303 milliseconds
25-09-2012 23:24:02 [INFO] GraphManager - Building panel for domain: 0
25-09-2012 23:32:21 [INFO] InterDomainManager - Load the domain 0 from the file /home/emiliano/p takes 336 milliseconds
25-09-2012 23:32:21 [INFO] GraphManager - Building panel for domain: 0
25-09-2012 23:33:56 [INFO] InterDomainManager - Load the domain 0 from the file /home/emiliano/p takes 306 milliseconds
25-09-2012 23:33:56 [INFO] GraphManager - Building panel for domain: 0
25-09-2012 23:37:07 [INFO] InterDomainManager - Load the domain 0 from the file /home/emiliano/p takes 300 milliseconds
25-09-2012 23:37:07 [INFO] GraphManager - Building panel for domain: 0
25-09-2012 23:40:00 [INFO] InterDomainManager - Load the domain 0 from the file /home/emiliano/p takes 300 milliseconds
25-09-2012 23:40:00 [INFO] GraphManager - Building panel for domain: 0
25-09-2012 23:40:36 [INFO] InterDomainManager - Load the domain 0 from the file /home/emiliano/p takes 303 milliseconds
25-09-2012 23:40:36 [INFO] GraphManager - Building panel for domain: 0
25-09-2012 23:48:36 [INFO] InterDomainManager - Load the domain 0 from the file /home/emiliano/p takes 310 milliseconds
25-09-2012 23:48:36 [INFO] GraphManager - Building panel for domain: 0
25-09-2012 23:49:13 [INFO] InterDomainManager - Save the domain 0 in the file /home/emiliano/b.xml takes 28 milliseconds
25-09-2012 23:50:49 [INFO] InterDomainManager - Save the domain 0 in the file /home/emiliano/b.xml takes 21 milliseconds
26-09-2012 18:23:08 [INFO] InterDomainManager - Load the domain 0 from the file /home/emiliano/p takes 991 milliseconds
26-09-2012 18:23:08 [INFO] GraphManager - Building panel for domain: 0
26-09-2012 18:23:25 [INFO] InterDomainManager - Save the domain 0 in the file /home/emiliano/b.xml takes 61 milliseconds
26-09-2012 18:26:48 [INFO] InterDomainManager - Save the domain 0 in the file /home/emiliano/b.xml takes 62 milliseconds
26-09-2012 18:31:20 [INFO] InterDomainManager - Save the domain 0 in the file /home/emiliano/b.xml takes 21 milliseconds
26-09-2012 18:35:32 [INFO] InterDomainManager - Load the domain 0 from the file /home/emiliano/p takes 287 milliseconds
26-09-2012 18:35:32 [INFO] GraphManager - Building panel for domain: 0
26-09-2012 18:35:43 [INFO] InterDomainManager - Save the domain 0 in the file /home/emiliano/b.xml takes 39 milliseconds
26-09-2012 18:40:12 [INFO] InterDomainManager - Load the domain 0 from the file /home/emiliano/p takes 310 milliseconds
26-09-2012 18:40:12 [INFO] GraphManager - Building panel for domain: 0
26-09-2012 19:17:00 [INFO] InterDomainManager - Load the domain 0 from the file /home/emiliano/p takes 308 milliseconds
26-09-2012 19:17:00 [INFO] GraphManager - Building panel for domain: 0
26-09-2012 19:17:13 [INFO] InterDomainManager - Save the domain 0 in the file /home/emiliano/b.xml takes 37 milliseconds
26-09-2012 19:24:17 [INFO] InterDomainManager - Load the domain 0 from the file /home/emiliano/p takes 304 milliseconds
26-09-2012 19:24:17 [INFO] GraphManager - Building panel for domain: 0
26-09-2012 19:26:29 [ERROR] Cbr - There is no default domain
26-09-2012 19:26:43 [INFO] InterDomainManager - Load the domain 0 from the file /home/emiliano/p takes 319 milliseconds
26-09-2012 19:26:43 [INFO] GraphManager - Building panel for domain: 0
26-09-2012 19:30:10 [INFO] InterDomainManager - Load the domain 0 from the file /home/emiliano/p takes 323 milliseconds
26-09-2012 19:30:10 [INFO] GraphManager - Building panel for domain: 0
26-09-2012 19:41:18 [INFO] InterDomainManager - Load the domain 0 from the file /home/emiliano/p takes 345 milliseconds
26-09-2012 19:41:18 [INFO] GraphManager - Building panel for domain: 0
26-09-2012 19:43:36 [INFO] InterDomainManager - Load the domain 0 from the file /home/emiliano/p takes 317 milliseconds
26-09-2012 19:43:36 [INFO] GraphManager - Building panel for domain: 0
26-09-2012 19:49:26 [INFO] InterDomainManager - Load the domain 0 from the file /home/emiliano/p takes 325 milliseconds
26-09-2012 19:49:26 [INFO] GraphManager - Building panel for domain: 0
26-09-2012 20:06:11 [INFO] InterDomainManager - Load the domain 0 from the file /home/emiliano/p takes 288 milliseconds
26-09-2012 20:06:11 [INFO] GraphManager - Building panel for domain: 0
26-09-2012 20:06:26 [INFO] InterDomainManager - Save the domain 0 in the file /home/emiliano/b.xml takes 37 milliseconds
26-09-2012 20:06:26 [ERROR] Cbr - Dumping iBGP topology in Totem domain
26-09-2012 20:07:21 [INFO] InterDomainManager - Load the domain 0 from the file /home/emiliano/p takes 316 milliseconds
26-09-2012 20:07:21 [INFO] GraphManager - Building panel for domain: 0
26-09-2012 20:07:37 [INFO] InterDomainManager - Save the domain 0 in the file /home/emiliano/b.xml takes 35 milliseconds
26-09-2012 20:13:55 [INFO] InterDomainManager - Load the domain 0 from the file /home/emiliano/p takes 327 milliseconds
26-09-2012 20:13:55 [INFO] GraphManager - Building panel for domain: 0
26-09-2012 20:14:13 [INFO] InterDomainManager - Save the domain 0 in the file /home/emiliano/b.xml takes 55 milliseconds
26-09-2012 20:17:07 [INFO] InterDomainManager - Load the domain 0 from the file /home/emiliano/p takes 301 milliseconds
26-09-2012 20:17:07 [INFO] GraphManager - Building panel for domain: 0
26-09-2012 20:17:17 [ERROR] Cbr - Dumping iBGP topology in Totem domain
26-09-2012 20:18:50 [INFO] InterDomainManager - Load the domain 0 from the file /home/emiliano/p takes 299 milliseconds
26-09-2012 20:18:50 [INFO] GraphManager - Building panel for domain: 0
06-11-2012 21:56:58 [INFO] InterDomainManager - Load the domain 10013 from the file /home/emiliano/PG/Totem/examples/simpleDomain/domain1.xml takes 885 milliseconds
06-11-2012 21:56:58 [INFO] GraphManager - Building panel for domain: 10013
06-11-2012 21:58:32 [INFO] InterDomainManager - Save the domain 10013 in the file /home/emiliano/PG/Totem/probe.xml takes 92 milliseconds
06-11-2012 21:58:48 [ERROR] LoadTopoDialog - Domain file does not exist or is a directory.
06-11-2012 21:58:57 [INFO] InterDomainManager - Load the domain 10013 from the file /home/emiliano/PG/Totem/probe.xml takes 80 milliseconds
06-11-2012 21:58:59 [ERROR] LoadTopoDialog - A domain with the same ASID already exists.
06-11-2012 21:59:19 [INFO] InterDomainManager - Load the domain 10013 from the file /home/emiliano/PG/Totem/probe.xml takes 420 milliseconds
06-11-2012 21:59:19 [INFO] GraphManager - Building panel for domain: 10013
06-11-2012 22:25:42 [INFO] InterDomainManager - Load the domain 10013 from the file /home/emiliano/PG/Totem/domain1.xml takes 2390 milliseconds
06-11-2012 22:34:16 [INFO] InterDomainManager - Load the domain 10013 from the file /home/emiliano/PG/Totem/domain1.xml takes 417 milliseconds
06-11-2012 22:53:36 [INFO] InterDomainManager - Load the domain 10013 from the file /home/emiliano/PG/Totem/domain1.xml takes 376 milliseconds
06-11-2012 22:53:36 [INFO] GraphManager - Building panel for domain: 10013
06-11-2012 22:55:50 [INFO] InterDomainManager - Load the domain 10013 from the file /home/emiliano/PG/Totem/domain1.xml takes 395 milliseconds
06-11-2012 22:55:56 [INFO] InterDomainManager - Save the domain 10013 in the file /home/emiliano/PG/Totem/
			Perl script of the Research Unit in Networking (RUN) of the University of Liege
			TOTEM Project (http:/totem.info.ucl.ac.be/)
		.xlm.xml takes 38 milliseconds
06-11-2012 22:55:56 [INFO] InterDomainManager - Save the domain 10013 in the file /home/emiliano/PG/Totem/
			Perl script of the Research Unit in Networking (RUN) of the University of Liege
			TOTEM Project (http:/totem.info.ucl.ac.be/)
		.xlm.xml takes 4 milliseconds
06-11-2012 23:00:23 [INFO] InterDomainManager - Load the domain 10013 from the file /home/emiliano/PG/Totem/domain1.xml takes 391 milliseconds
06-11-2012 23:01:13 [INFO] InterDomainManager - Save the domain 10013 in the file /home/emiliano/PG/Totem/
			Perl script of the Research Unit in Networking (RUN) of the University of Liege
			TOTEM Project (http:/totem.info.ucl.ac.be/)
		.xlm.xml takes 8 milliseconds
06-11-2012 23:01:16 [INFO] InterDomainManager - Save the domain 10013 in the file /home/emiliano/PG/Totem/
			Perl script of the Research Unit in Networking (RUN) of the University of Liege
			TOTEM Project (http:/totem.info.ucl.ac.be/)
		.xlm.xml takes 3 milliseconds
06-11-2012 23:02:45 [INFO] InterDomainManager - Load the domain 10013 from the file /home/emiliano/PG/Totem/domain1.xml takes 375 milliseconds
06-11-2012 23:03:18 [INFO] InterDomainManager - Save the domain 10013 in the file /home/emiliano/PG/Totem/topology.xlm.xml takes 147 milliseconds
06-11-2012 23:03:29 [INFO] InterDomainManager - Save the domain 10013 in the file /home/emiliano/PG/Totem/topology.xlm.xml takes 23 milliseconds
06-11-2012 23:05:10 [INFO] InterDomainManager - Load the domain 10013 from the file /home/emiliano/PG/Totem/topology.xlm.xml takes 421 milliseconds
06-11-2012 23:05:10 [INFO] GraphManager - Building panel for domain: 10013
06-11-2012 23:05:45 [INFO] InterDomainManager - Load the domain 10013 from the file /home/emiliano/PG/Totem/domain1.xml takes 359 milliseconds
06-11-2012 23:05:45 [INFO] GraphManager - Building panel for domain: 10013
06-11-2012 23:06:11 [INFO] InterDomainManager - Load the domain 10013 from the file /home/emiliano/PG/Totem/domain1.xml takes 430 milliseconds
06-11-2012 23:06:20 [INFO] InterDomainManager - Save the domain 10013 in the file /home/emiliano/PG/Totem/topology_in.xml takes 46 milliseconds
06-11-2012 23:06:22 [INFO] InterDomainManager - Save the domain 10013 in the file /home/emiliano/PG/Totem/topology_out.xml takes 22 milliseconds
06-11-2012 23:07:09 [INFO] InterDomainManager - Load the domain 10013 from the file /home/emiliano/PG/Totem/topology_in.xml takes 383 milliseconds
06-11-2012 23:07:09 [INFO] GraphManager - Building panel for domain: 10013
06-11-2012 23:07:45 [INFO] InterDomainManager - Load the domain 10013 from the file /home/emiliano/PG/Totem/topology_out.xml takes 387 milliseconds
06-11-2012 23:07:45 [INFO] GraphManager - Building panel for domain: 10013
06-11-2012 23:24:40 [INFO] InterDomainManager - Load the domain 10013 from the file /home/emiliano/PG/Totem/domain1.xml takes 365 milliseconds
06-11-2012 23:24:46 [INFO] InterDomainManager - Save the domain 10013 in the file /home/emiliano/PG/Totem/topology_in.xml takes 33 milliseconds
06-11-2012 23:24:46 [INFO] InterDomainManager - Save the domain 10013 in the file /home/emiliano/PG/Totem/topology_out.xml takes 17 milliseconds
06-11-2012 23:25:23 [INFO] InterDomainManager - Load the domain 10013 from the file /home/emiliano/PG/Totem/topology_out.xml takes 393 milliseconds
06-11-2012 23:25:23 [INFO] GraphManager - Building panel for domain: 10013
06-11-2012 23:27:35 [INFO] InterDomainManager - Load the domain 10013 from the file /home/emiliano/PG/Totem/domain1.xml takes 370 milliseconds
06-11-2012 23:27:41 [INFO] InterDomainManager - Save the domain 10013 in the file /home/emiliano/PG/Totem/topology_in.xml takes 34 milliseconds
06-11-2012 23:27:41 [INFO] InterDomainManager - Save the domain 10013 in the file /home/emiliano/PG/Totem/topology_out.xml takes 13 milliseconds
06-11-2012 23:28:21 [INFO] InterDomainManager - Load the domain 10013 from the file /home/emiliano/PG/Totem/topology_out.xml takes 398 milliseconds
06-11-2012 23:28:21 [INFO] GraphManager - Building panel for domain: 10013
06-11-2012 23:29:06 [INFO] InterDomainManager - Load the domain 10013 from the file /home/emiliano/PG/Totem/domain1.xml takes 362 milliseconds
06-11-2012 23:29:11 [INFO] InterDomainManager - Save the domain 10013 in the file /home/emiliano/PG/Totem/topology_in.xml takes 32 milliseconds
06-11-2012 23:29:11 [INFO] InterDomainManager - Save the domain 10013 in the file /home/emiliano/PG/Totem/topology_out.xml takes 13 milliseconds
06-11-2012 23:29:21 [INFO] InterDomainManager - Load the domain 10013 from the file /home/emiliano/PG/Totem/domain1.xml takes 377 milliseconds
06-11-2012 23:29:26 [INFO] InterDomainManager - Save the domain 10013 in the file /home/emiliano/PG/Totem/topology_in.xml takes 38 milliseconds
06-11-2012 23:29:26 [INFO] InterDomainManager - Save the domain 10013 in the file /home/emiliano/PG/Totem/topology_out.xml takes 14 milliseconds
06-11-2012 23:29:31 [INFO] InterDomainManager - Load the domain 10013 from the file /home/emiliano/PG/Totem/domain1.xml takes 380 milliseconds
06-11-2012 23:29:36 [INFO] InterDomainManager - Save the domain 10013 in the file /home/emiliano/PG/Totem/topology_in.xml takes 34 milliseconds
06-11-2012 23:29:36 [INFO] InterDomainManager - Save the domain 10013 in the file /home/emiliano/PG/Totem/topology_out.xml takes 13 milliseconds
06-11-2012 23:29:45 [INFO] InterDomainManager - Load the domain 10013 from the file /home/emiliano/PG/Totem/domain1.xml takes 358 milliseconds
06-11-2012 23:29:46 [INFO] InterDomainManager - Save the domain 10013 in the file /home/emiliano/PG/Totem/topology_in.xml takes 35 milliseconds
06-11-2012 23:29:46 [INFO] InterDomainManager - Save the domain 10013 in the file /home/emiliano/PG/Totem/topology_out.xml takes 18 milliseconds
06-11-2012 23:30:03 [INFO] InterDomainManager - Load the domain 10013 from the file /home/emiliano/PG/Totem/domain1.xml takes 384 milliseconds
06-11-2012 23:30:03 [INFO] InterDomainManager - Save the domain 10013 in the file /home/emiliano/PG/Totem/topology_in.xml takes 41 milliseconds
06-11-2012 23:30:03 [INFO] InterDomainManager - Save the domain 10013 in the file /home/emiliano/PG/Totem/topology_out.xml takes 16 milliseconds
06-11-2012 23:30:12 [INFO] InterDomainManager - Load the domain 10013 from the file /home/emiliano/PG/Totem/topology_out.xml takes 28 milliseconds
06-11-2012 23:30:12 [INFO] GraphManager - Building panel for domain: 10013
06-11-2012 23:30:42 [INFO] InterDomainManager - Load the domain 10013 from the file /home/emiliano/PG/Totem/domain1.xml takes 360 milliseconds
06-11-2012 23:31:03 [INFO] InterDomainManager - Load the domain 10013 from the file /home/emiliano/PG/Totem/domain1.xml takes 368 milliseconds
06-11-2012 23:31:03 [INFO] InterDomainManager - Save the domain 10013 in the file /home/emiliano/PG/Totem/topology_in.xml takes 34 milliseconds
06-11-2012 23:31:03 [INFO] InterDomainManager - Save the domain 10013 in the file /home/emiliano/PG/Totem/topology_out.xml takes 19 milliseconds
06-11-2012 23:31:09 [INFO] InterDomainManager - Load the domain 10013 from the file /home/emiliano/PG/Totem/topology_out.xml takes 23 milliseconds
06-11-2012 23:31:09 [INFO] GraphManager - Building panel for domain: 10013
06-11-2012 23:37:02 [INFO] InterDomainManager - Load the domain 10013 from the file /home/emiliano/PG/Totem/examples/simpleDomain/domain1.xml takes 394 milliseconds
06-11-2012 23:37:02 [INFO] InterDomainManager - Save the domain 10013 in the file /home/emiliano/PG/Totem/topology_in.xml takes 39 milliseconds
06-11-2012 23:37:03 [INFO] InterDomainManager - Save the domain 10013 in the file /home/emiliano/PG/Totem/topology_out.xml takes 18 milliseconds
23-01-2013 18:01:13 [INFO] InterDomainManager - Load the domain 123 from the file /home/emiliano/Desktop/topology_out.xml takes 570 milliseconds
23-01-2013 18:01:13 [INFO] GraphManager - Building panel for domain: 123
23-01-2013 18:09:39 [INFO] InterDomainManager - Load the domain 123 from the file /home/emiliano/Desktop/topology_out.xml takes 87 milliseconds
23-01-2013 18:09:42 [ERROR] LoadTopoDialog - A domain with the same ASID already exists.
23-01-2013 18:09:53 [INFO] InterDomainManager - Load the domain 123 from the file /home/emiliano/Desktop/topology_out.xml takes 88 milliseconds
23-01-2013 18:09:53 [INFO] GraphManager - Building panel for domain: 123
23-01-2013 18:13:19 [INFO] InterDomainManager - Load the domain 123 from the file /home/emiliano/Desktop/topology_out.xml takes 50 milliseconds
23-01-2013 18:13:19 [INFO] GraphManager - Building panel for domain: 123
23-01-2013 18:14:05 [INFO] InterDomainManager - Load the domain 123 from the file /home/emiliano/Desktop/topology_out.xml takes 478 milliseconds
23-01-2013 18:14:05 [INFO] GraphManager - Building panel for domain: 123
23-01-2013 18:16:21 [INFO] InterDomainManager - Load the domain 11537 from the file /home/emiliano/Desktop/topology_out.xml takes 53 milliseconds
23-01-2013 18:16:21 [INFO] GraphManager - Building panel for domain: 11537
23-01-2013 20:21:16 [INFO] InterDomainManager - Load the domain 11537 from the file /home/emiliano/PG/Totem/topologies/abilene/abilene.xml takes 396 milliseconds
23-01-2013 20:21:16 [INFO] GraphManager - Building panel for domain: 11537
23-01-2013 20:23:06 [INFO] InterDomainManager - Load the domain 11537 from the file /home/emiliano/PG/Totem/topologies/abilene/abilene.xml takes 413 milliseconds
23-01-2013 20:23:06 [INFO] GraphManager - Building panel for domain: 11537
23-01-2013 20:35:13 [INFO] InterDomainManager - Load the domain 11537 from the file /home/emiliano/PG/Totem/topologies/abilene/abilene.xml takes 422 milliseconds
23-01-2013 20:39:31 [INFO] InterDomainManager - Load the domain 11537 from the file /home/emiliano/PG/Totem/topologies/abilene/abilene.xml takes 463 milliseconds
23-01-2013 20:39:32 [INFO] InterDomainManager - Save the domain 11537 in the file /home/emiliano/PG/Totem/topologies/abilene/abilene.xml.FullMesh.xml takes 67 milliseconds
23-01-2013 20:47:40 [INFO] InterDomainManager - Load the domain 11537 from the file /home/emiliano/PG/Totem/topologies/abilene/abilene.xml takes 496 milliseconds
23-01-2013 20:47:40 [INFO] InterDomainManager - Save the domain 11537 in the file /home/emiliano/PG/Totem/topologies/abilene/abilene.xml.FullMesh.xml takes 70 milliseconds
23-01-2013 20:49:11 [INFO] InterDomainManager - Load the domain 11537 from the file /home/emiliano/PG/Totem/topologies/abilene/abilene.xml takes 459 milliseconds
23-01-2013 20:49:12 [INFO] InterDomainManager - Save the domain 11537 in the file /home/emiliano/PG/Totem/topologies/abilene/abilene.xml.FullMesh.xml takes 66 milliseconds
23-01-2013 20:55:26 [INFO] InterDomainManager - Load the domain 11537 from the file /home/emiliano/PG/Totem/topologies/abilene/abilene.xml takes 492 milliseconds
23-01-2013 20:55:26 [INFO] InterDomainManager - Save the domain 11537 in the file /home/emiliano/PG/Totem/topologies/abilene/abilene.-FullMesh.xml takes 72 milliseconds
23-01-2013 20:55:57 [INFO] InterDomainManager - Load the domain 11537 from the file /home/emiliano/PG/Totem/topologies/abilene/abilene.xml takes 418 milliseconds
23-01-2013 20:55:57 [INFO] InterDomainManager - Save the domain 11537 in the file /home/emiliano/PG/Totem/topologies/abilene/abilene-FullMesh.xml takes 67 milliseconds
23-01-2013 20:56:21 [INFO] InterDomainManager - Load the domain 11537 from the file /home/emiliano/PG/Totem/topologies/abilene/abilene.xmllala takes 475 milliseconds
23-01-2013 20:56:21 [INFO] InterDomainManager - Save the domain 11537 in the file /home/emiliano/PG/Totem/topologies/abilene/abilene.xmllala-FullMesh.xml takes 66 milliseconds
04-02-2013 17:54:33 [INFO] InterDomainManager - Load the domain 11537 from the file /home/emiliano/PG/Totem/topologies/abilene/abilene.xml takes 497 milliseconds
04-02-2013 17:54:33 [INFO] GraphManager - Building panel for domain: 11537
04-02-2013 18:11:19 [INFO] InterDomainManager - Load the domain 127 from the file /home/emiliano/PG/Totem/topologies/rrlocTopologies/FORTHNET/FORTH.xml takes 140 milliseconds
04-02-2013 18:11:19 [INFO] GraphManager - Building panel for domain: 127
05-02-2013 18:45:22 [INFO] InterDomainManager - Load the domain 0 from the file /home/emiliano/Desktop/a takes 304 milliseconds
05-02-2013 18:45:22 [INFO] GraphManager - Building panel for domain: 0
05-02-2013 18:48:58 [INFO] InterDomainManager - Load the domain 0 from the file /home/emiliano/Desktop/a takes 10 milliseconds
05-02-2013 18:48:58 [INFO] GraphManager - Building panel for domain: 0
05-02-2013 18:59:04 [INFO] InterDomainManager - Load the domain 0 from the file /home/emiliano/Desktop/a takes 286 milliseconds
05-02-2013 18:59:04 [INFO] GraphManager - Building panel for domain: 0
05-02-2013 19:01:08 [INFO] InterDomainManager - Load the domain 0 from the file /home/emiliano/Desktop/a takes 268 milliseconds
05-02-2013 19:01:08 [INFO] GraphManager - Building panel for domain: 0
06-02-2013 18:08:56 [INFO] InterDomainManager - Load the domain 0 from the file /home/emiliano/Desktop/a takes 1001 milliseconds
06-02-2013 18:08:56 [INFO] GraphManager - Building panel for domain: 0
06-02-2013 18:15:06 [INFO] InterDomainManager - Load the domain 0 from the file /home/emiliano/Desktop/a takes 303 milliseconds
06-02-2013 18:15:06 [INFO] GraphManager - Building panel for domain: 0
06-02-2013 18:17:11 [INFO] InterDomainManager - Load the domain 0 from the file /home/emiliano/Desktop/a takes 281 milliseconds
06-02-2013 18:17:11 [INFO] GraphManager - Building panel for domain: 0
06-02-2013 18:22:12 [INFO] InterDomainManager - Load the domain 0 from the file /home/emiliano/Desktop/a takes 285 milliseconds
06-02-2013 18:22:12 [INFO] GraphManager - Building panel for domain: 0
06-02-2013 18:22:28 [ERROR] BGPSep - Cannot load domain 1
06-02-2013 20:27:17 [INFO] InterDomainManager - Load the domain 0 from the file /home/emiliano/Desktop/a takes 283 milliseconds
06-02-2013 20:27:17 [INFO] GraphManager - Building panel for domain: 0
06-02-2013 20:30:19 [INFO] InterDomainManager - Load the domain 0 from the file /home/emiliano/Desktop/a takes 305 milliseconds
06-02-2013 20:30:19 [INFO] GraphManager - Building panel for domain: 0
06-02-2013 20:32:07 [INFO] InterDomainManager - Load the domain 0 from the file /home/emiliano/Desktop/a takes 283 milliseconds
06-02-2013 20:32:07 [INFO] GraphManager - Building panel for domain: 0
06-02-2013 20:33:14 [INFO] InterDomainManager - Load the domain 0 from the file /home/emiliano/Desktop/a takes 312 milliseconds
06-02-2013 20:33:14 [INFO] GraphManager - Building panel for domain: 0
06-02-2013 20:34:54 [INFO] InterDomainManager - Load the domain 0 from the file /home/emiliano/Desktop/a takes 301 milliseconds
06-02-2013 20:34:54 [INFO] GraphManager - Building panel for domain: 0
06-02-2013 20:48:55 [INFO] InterDomainManager - Load the domain 0 from the file /home/emiliano/Desktop/a takes 264 milliseconds
06-02-2013 20:48:55 [INFO] GraphManager - Building panel for domain: 0
06-02-2013 20:50:36 [INFO] InterDomainManager - Load the domain 0 from the file /home/emiliano/Desktop/a takes 294 milliseconds
06-02-2013 20:50:36 [INFO] GraphManager - Building panel for domain: 0
06-02-2013 20:51:34 [INFO] InterDomainManager - Load the domain 0 from the file /home/emiliano/Desktop/a takes 288 milliseconds
06-02-2013 20:51:34 [INFO] GraphManager - Building panel for domain: 0
06-02-2013 20:58:05 [INFO] InterDomainManager - Load the domain 0 from the file /home/emiliano/Desktop/a.xml takes 350 milliseconds
06-02-2013 20:58:06 [INFO] InterDomainManager - Save the domain 0 in the file /home/emiliano/Desktop/a-BGPSep.xml takes 24 milliseconds
06-02-2013 20:58:29 [INFO] InterDomainManager - Load the domain 0 from the file /home/emiliano/Desktop/a.xml takes 349 milliseconds
06-02-2013 20:58:30 [INFO] InterDomainManager - Save the domain 0 in the file /home/emiliano/Desktop/a-BGPSep.xml takes 30 milliseconds
06-02-2013 21:01:41 [INFO] InterDomainManager - Load the domain 0 from the file /home/emiliano/Desktop/a.xml takes 346 milliseconds
06-02-2013 21:01:42 [INFO] InterDomainManager - Save the domain 0 in the file /home/emiliano/Desktop/a-BGPSep.xml takes 24 milliseconds
06-02-2013 21:01:49 [INFO] InterDomainManager - Load the domain 0 from the file /home/emiliano/Desktop/a.xml takes 346 milliseconds
06-02-2013 21:01:50 [INFO] InterDomainManager - Save the domain 0 in the file /home/emiliano/Desktop/a-BGPSep.xml takes 24 milliseconds
06-02-2013 21:17:54 [ERROR] LoadTopoDialog - Domain file does not exist or is a directory.
06-02-2013 21:18:00 [INFO] InterDomainManager - Load the domain 0 from the file /home/emiliano/Desktop/a.xml takes 275 milliseconds
06-02-2013 21:18:00 [INFO] GraphManager - Building panel for domain: 0
06-02-2013 21:21:32 [INFO] InterDomainManager - Load the domain 0 from the file /home/emiliano/Desktop/a.xml takes 289 milliseconds
06-02-2013 21:21:32 [INFO] GraphManager - Building panel for domain: 0
07-02-2013 19:00:40 [ERROR] LoadTopoDialog - Domain file does not exist or is a directory.
07-02-2013 19:00:43 [INFO] InterDomainManager - Load the domain 0 from the file /home/emiliano/Desktop/a.xml takes 1171 milliseconds
07-02-2013 19:00:43 [INFO] GraphManager - Building panel for domain: 0
07-02-2013 19:03:29 [INFO] InterDomainManager - Load the domain 0 from the file /home/emiliano/Desktop/a.xml takes 277 milliseconds
07-02-2013 19:03:29 [INFO] GraphManager - Building panel for domain: 0
07-02-2013 19:04:15 [INFO] InterDomainManager - Load the domain 0 from the file /home/emiliano/Desktop/a.xml takes 295 milliseconds
07-02-2013 19:04:15 [INFO] GraphManager - Building panel for domain: 0
07-02-2013 19:09:37 [INFO] InterDomainManager - Load the domain 0 from the file /home/emiliano/Desktop/a.xml takes 289 milliseconds
07-02-2013 19:09:37 [INFO] GraphManager - Building panel for domain: 0
07-02-2013 19:14:18 [INFO] InterDomainManager - Load the domain 0 from the file /home/emiliano/Desktop/a.xml takes 332 milliseconds
07-02-2013 19:14:18 [INFO] GraphManager - Building panel for domain: 0
07-02-2013 19:18:43 [INFO] InterDomainManager - Load the domain 0 from the file /home/emiliano/Desktop/a.xml takes 285 milliseconds
07-02-2013 19:18:43 [INFO] GraphManager - Building panel for domain: 0
07-02-2013 19:19:34 [ERROR] LoadTopoDialog - Domain file does not exist or is a directory.
07-02-2013 19:19:37 [ERROR] LoadTopoDialog - Domain file does not exist or is a directory.
07-02-2013 19:19:43 [INFO] InterDomainManager - Load the domain 0 from the file /home/emiliano/Desktop/a.xml takes 309 milliseconds
07-02-2013 19:19:43 [INFO] GraphManager - Building panel for domain: 0
07-02-2013 19:21:57 [INFO] InterDomainManager - Load the domain 0 from the file /home/emiliano/Desktop/a.xml takes 319 milliseconds
07-02-2013 19:21:57 [INFO] GraphManager - Building panel for domain: 0
07-02-2013 19:37:38 [INFO] InterDomainManager - Load the domain 0 from the file /home/emiliano/Desktop/a.xml takes 889 milliseconds
07-02-2013 19:37:38 [INFO] GraphManager - Building panel for domain: 0
07-02-2013 19:41:30 [INFO] InterDomainManager - Load the domain 0 from the file /home/emiliano/Desktop/a.xml takes 285 milliseconds
07-02-2013 19:41:30 [INFO] GraphManager - Building panel for domain: 0
07-02-2013 19:43:08 [INFO] InterDomainManager - Load the domain 0 from the file /home/emiliano/Desktop/a.xml takes 319 milliseconds
07-02-2013 19:43:08 [INFO] GraphManager - Building panel for domain: 0
07-02-2013 19:50:35 [INFO] InterDomainManager - Load the domain 0 from the file /home/emiliano/Desktop/a.xml takes 285 milliseconds
07-02-2013 19:50:35 [INFO] GraphManager - Building panel for domain: 0
07-02-2013 19:51:23 [INFO] InterDomainManager - Load the domain 0 from the file /home/emiliano/Desktop/a.xml takes 284 milliseconds
07-02-2013 19:51:23 [INFO] GraphManager - Building panel for domain: 0
07-02-2013 19:52:50 [INFO] InterDomainManager - Load the domain 0 from the file /home/emiliano/Desktop/a.xml takes 287 milliseconds
07-02-2013 19:52:50 [INFO] GraphManager - Building panel for domain: 0
07-02-2013 20:03:11 [ERROR] LoadTopoDialog - Domain file does not exist or is a directory.
07-02-2013 20:03:15 [INFO] InterDomainManager - Load the domain 0 from the file /home/emiliano/Desktop/a.xml takes 287 milliseconds
07-02-2013 20:03:15 [INFO] GraphManager - Building panel for domain: 0
07-02-2013 20:04:29 [INFO] InterDomainManager - Load the domain 0 from the file /home/emiliano/Desktop/a.xml takes 289 milliseconds
07-02-2013 20:04:29 [INFO] GraphManager - Building panel for domain: 0
